#
# There is insufficient memory for the Java Runtime Environment to continue.
# Native memory allocation (malloc) failed to allocate 32744 bytes for ChunkPool::allocate
# Possible reasons:
#   The system is out of physical RAM or swap space
#   In 32 bit mode, the process size limit was hit
# Possible solutions:
#   Reduce memory load on the system
#   Increase physical memory or swap space
#   Check if swap backing store is full
#   Use 64 bit Java on a 64 bit OS
#   Decrease Java heap size (-Xmx/-Xms)
#   Decrease number of Java threads
#   Decrease Java thread stack sizes (-Xss)
#   Set larger code cache with -XX:ReservedCodeCacheSize=
# This output file may be truncated or incomplete.
#
#  Out of Memory Error (allocation.cpp:273), pid=2032, tid=0x00000000000025a0
#
# JRE version: Java(TM) SE Runtime Environment (8.0_151-b12) (build 1.8.0_151-b12)
# Java VM: Java HotSpot(TM) 64-Bit Server VM (25.151-b12 mixed mode windows-amd64 compressed oops)
# Failed to write core dump. Minidumps are not enabled by default on client versions of Windows
#

---------------  T H R E A D  ---------------

Current thread (0x00000000150de800):  JavaThread "C2 CompilerThread0" daemon [_thread_in_native, id=9632, stack(0x0000000016750000,0x0000000016850000)]

Stack: [0x0000000016750000,0x0000000016850000]
[error occurred during error reporting (printing stack bounds), id 0xc0000005]

Native frames: (J=compiled Java code, j=interpreted, Vv=VM code, C=native code)


Current CompileTask:
C2:  64341 2210       4       sun.java2d.SunGraphics2D::setClip (17 bytes)


---------------  P R O C E S S  ---------------

Java Threads: ( => current thread )
  0x0000000000b7d800 JavaThread "DestroyJavaVM" [_thread_blocked, id=9524, stack(0x0000000002900000,0x0000000002a00000)]
  0x00000000192bf800 JavaThread "TimerQueue" daemon [_thread_blocked, id=10892, stack(0x000000001a2c0000,0x000000001a3c0000)]
  0x0000000017536000 JavaThread "AWT-EventQueue-0" [_thread_blocked, id=6132, stack(0x00000000188f0000,0x00000000189f0000)]
  0x000000001750f000 JavaThread "AWT-Windows" daemon [_thread_in_native, id=10396, stack(0x0000000018320000,0x0000000018420000)]
  0x0000000017540000 JavaThread "AWT-Shutdown" [_thread_blocked, id=9324, stack(0x0000000018220000,0x0000000018320000)]
  0x000000001753f800 JavaThread "Java2D Disposer" daemon [_thread_blocked, id=7808, stack(0x0000000018120000,0x0000000018220000)]
  0x00000000174fd800 JavaThread "Thread-1" [_thread_in_native, id=3540, stack(0x0000000018020000,0x0000000018120000)]
  0x000000001513b800 JavaThread "Service Thread" daemon [_thread_blocked, id=5464, stack(0x0000000016e50000,0x0000000016f50000)]
  0x000000001510b000 JavaThread "C1 CompilerThread2" daemon [_thread_blocked, id=8668, stack(0x0000000016950000,0x0000000016a50000)]
  0x00000000150e2000 JavaThread "C2 CompilerThread1" daemon [_thread_blocked, id=11108, stack(0x0000000016850000,0x0000000016950000)]
=>0x00000000150de800 JavaThread "C2 CompilerThread0" daemon [_thread_in_native, id=9632, stack(0x0000000016750000,0x0000000016850000)]
  0x00000000150dd000 JavaThread "Attach Listener" daemon [_thread_blocked, id=9364, stack(0x0000000016650000,0x0000000016750000)]
  0x00000000150dc000 JavaThread "Signal Dispatcher" daemon [_thread_blocked, id=1848, stack(0x0000000016550000,0x0000000016650000)]
  0x0000000002afc000 JavaThread "Finalizer" daemon [_thread_blocked, id=3732, stack(0x0000000016340000,0x0000000016440000)]
  0x0000000002af3000 JavaThread "Reference Handler" daemon [_thread_blocked, id=11232, stack(0x0000000016240000,0x0000000016340000)]

Other Threads:
  0x00000000150a7000 VMThread [stack: 0x0000000016140000,0x0000000016240000] [id=4504]
  0x000000001513e800 WatcherThread [stack: 0x00000000172e0000,0x00000000173e0000] [id=10720]

VM state:not at safepoint (normal execution)

VM Mutex/Monitor currently owned by a thread: None

Heap:
 PSYoungGen      total 35328K, used 18185K [0x00000000eb380000, 0x00000000ef880000, 0x0000000100000000)
  eden space 32768K, 55% used [0x00000000eb380000,0x00000000ec542538,0x00000000ed380000)
  from space 2560K, 0% used [0x00000000ed380000,0x00000000ed380000,0x00000000ed600000)
  to   space 2560K, 0% used [0x00000000ef600000,0x00000000ef600000,0x00000000ef880000)
 ParOldGen       total 72192K, used 19524K [0x00000000c1a00000, 0x00000000c6080000, 0x00000000eb380000)
  object space 72192K, 27% used [0x00000000c1a00000,0x00000000c2d11050,0x00000000c6080000)
 Metaspace       used 18581K, capacity 18900K, committed 19200K, reserved 1067008K
  class space    used 2101K, capacity 2212K, committed 2304K, reserved 1048576K

Card table byte_map: [0x0000000011ec0000,0x00000000120c0000] byte_map_base: 0x00000000118b3000

Marking Bits: (ParMarkBitMap*) 0x000000005d28d850
 Begin Bits: [0x0000000012610000, 0x00000000135a8000)
 End Bits:   [0x00000000135a8000, 0x0000000014540000)

Polling page: 0x00000000007f0000

CodeCache: size=245760Kb used=7207Kb max_used=7219Kb free=238552Kb
 bounds [0x0000000002b00000, 0x0000000003220000, 0x0000000011b00000]
 total_blobs=2799 nmethods=2209 adapters=502
 compilation: enabled

Compilation events (10 events):
Event: 60.315 Thread 0x00000000150e2000 nmethod 2204 0x000000000320bb10 code [0x000000000320bd00, 0x000000000320c758]
Event: 60.340 Thread 0x00000000150de800 2206   !   4       sun.dc.pr.Rasterizer::appendCubic (55 bytes)
Event: 60.343 Thread 0x00000000150de800 nmethod 2206 0x0000000003207910 code [0x0000000003207a60, 0x0000000003207ba8]
Event: 60.356 Thread 0x00000000150e2000 2207       4       java.util.IdentityHashMap$KeyIterator::next (13 bytes)
Event: 60.360 Thread 0x00000000150e2000 nmethod 2207 0x0000000003208810 code [0x0000000003208960, 0x0000000003208a78]
Event: 60.512 Thread 0x00000000150de800 2208       4       java.util.IdentityHashMap::keySet (26 bytes)
Event: 60.513 Thread 0x00000000150de800 nmethod 2208 0x0000000003207690 code [0x00000000032077c0, 0x0000000003207838]
Event: 60.559 Thread 0x00000000150e2000 2209  s    4       sun.java2d.loops.RenderCache::get (100 bytes)
Event: 60.564 Thread 0x00000000150e2000 nmethod 2209 0x000000000320d8d0 code [0x000000000320da20, 0x000000000320dd58]
Event: 62.237 Thread 0x00000000150de800 2210       4       sun.java2d.SunGraphics2D::setClip (17 bytes)

GC Heap History (8 events):
Event: 0.623 GC heap before
{Heap before GC invocations=1 (full 0):
 PSYoungGen      total 18944K, used 13970K [0x00000000eb380000, 0x00000000ec880000, 0x0000000100000000)
  eden space 16384K, 85% used [0x00000000eb380000,0x00000000ec124908,0x00000000ec380000)
  from space 2560K, 0% used [0x00000000ec600000,0x00000000ec600000,0x00000000ec880000)
  to   space 2560K, 0% used [0x00000000ec380000,0x00000000ec380000,0x00000000ec600000)
 ParOldGen       total 44032K, used 0K [0x00000000c1a00000, 0x00000000c4500000, 0x00000000eb380000)
  object space 44032K, 0% used [0x00000000c1a00000,0x00000000c1a00000,0x00000000c4500000)
 Metaspace       used 12333K, capacity 12508K, committed 12800K, reserved 1060864K
  class space    used 1425K, capacity 1486K, committed 1536K, reserved 1048576K
Event: 0.632 GC heap after
Heap after GC invocations=1 (full 0):
 PSYoungGen      total 18944K, used 2528K [0x00000000eb380000, 0x00000000ed880000, 0x0000000100000000)
  eden space 16384K, 0% used [0x00000000eb380000,0x00000000eb380000,0x00000000ec380000)
  from space 2560K, 98% used [0x00000000ec380000,0x00000000ec5f8020,0x00000000ec600000)
  to   space 2560K, 0% used [0x00000000ed600000,0x00000000ed600000,0x00000000ed880000)
 ParOldGen       total 44032K, used 1373K [0x00000000c1a00000, 0x00000000c4500000, 0x00000000eb380000)
  object space 44032K, 3% used [0x00000000c1a00000,0x00000000c1b575e8,0x00000000c4500000)
 Metaspace       used 12333K, capacity 12508K, committed 12800K, reserved 1060864K
  class space    used 1425K, capacity 1486K, committed 1536K, reserved 1048576K
}
Event: 1.121 GC heap before
{Heap before GC invocations=2 (full 0):
 PSYoungGen      total 18944K, used 18912K [0x00000000eb380000, 0x00000000ed880000, 0x0000000100000000)
  eden space 16384K, 100% used [0x00000000eb380000,0x00000000ec380000,0x00000000ec380000)
  from space 2560K, 98% used [0x00000000ec380000,0x00000000ec5f8020,0x00000000ec600000)
  to   space 2560K, 0% used [0x00000000ed600000,0x00000000ed600000,0x00000000ed880000)
 ParOldGen       total 44032K, used 1373K [0x00000000c1a00000, 0x00000000c4500000, 0x00000000eb380000)
  object space 44032K, 3% used [0x00000000c1a00000,0x00000000c1b575e8,0x00000000c4500000)
 Metaspace       used 15032K, capacity 15258K, committed 15488K, reserved 1062912K
  class space    used 1799K, capacity 1857K, committed 1920K, reserved 1048576K
Event: 1.129 GC heap after
Heap after GC invocations=2 (full 0):
 PSYoungGen      total 35328K, used 2560K [0x00000000eb380000, 0x00000000ed880000, 0x0000000100000000)
  eden space 32768K, 0% used [0x00000000eb380000,0x00000000eb380000,0x00000000ed380000)
  from space 2560K, 100% used [0x00000000ed600000,0x00000000ed880000,0x00000000ed880000)
  to   space 2560K, 0% used [0x00000000ed380000,0x00000000ed380000,0x00000000ed600000)
 ParOldGen       total 44032K, used 6228K [0x00000000c1a00000, 0x00000000c4500000, 0x00000000eb380000)
  object space 44032K, 14% used [0x00000000c1a00000,0x00000000c20151f8,0x00000000c4500000)
 Metaspace       used 15032K, capacity 15258K, committed 15488K, reserved 1062912K
  class space    used 1799K, capacity 1857K, committed 1920K, reserved 1048576K
}
Event: 1.884 GC heap before
{Heap before GC invocations=3 (full 0):
 PSYoungGen      total 35328K, used 33683K [0x00000000eb380000, 0x00000000ed880000, 0x0000000100000000)
  eden space 32768K, 94% used [0x00000000eb380000,0x00000000ed1e4ec0,0x00000000ed380000)
  from space 2560K, 100% used [0x00000000ed600000,0x00000000ed880000,0x00000000ed880000)
  to   space 2560K, 0% used [0x00000000ed380000,0x00000000ed380000,0x00000000ed600000)
 ParOldGen       total 44032K, used 6228K [0x00000000c1a00000, 0x00000000c4500000, 0x00000000eb380000)
  object space 44032K, 14% used [0x00000000c1a00000,0x00000000c20151f8,0x00000000c4500000)
 Metaspace       used 18102K, capacity 18412K, committed 18688K, reserved 1064960K
  class space    used 2083K, capacity 2180K, committed 2304K, reserved 1048576K
Event: 1.897 GC heap after
Heap after GC invocations=3 (full 0):
 PSYoungGen      total 35328K, used 2551K [0x00000000eb380000, 0x00000000ef880000, 0x0000000100000000)
  eden space 32768K, 0% used [0x00000000eb380000,0x00000000eb380000,0x00000000ed380000)
  from space 2560K, 99% used [0x00000000ed380000,0x00000000ed5fdeb8,0x00000000ed600000)
  to   space 2560K, 0% used [0x00000000ef600000,0x00000000ef600000,0x00000000ef880000)
 ParOldGen       total 44032K, used 31961K [0x00000000c1a00000, 0x00000000c4500000, 0x00000000eb380000)
  object space 44032K, 72% used [0x00000000c1a00000,0x00000000c3936730,0x00000000c4500000)
 Metaspace       used 18102K, capacity 18412K, committed 18688K, reserved 1064960K
  class space    used 2083K, capacity 2180K, committed 2304K, reserved 1048576K
}
Event: 1.897 GC heap before
{Heap before GC invocations=4 (full 1):
 PSYoungGen      total 35328K, used 2551K [0x00000000eb380000, 0x00000000ef880000, 0x0000000100000000)
  eden space 32768K, 0% used [0x00000000eb380000,0x00000000eb380000,0x00000000ed380000)
  from space 2560K, 99% used [0x00000000ed380000,0x00000000ed5fdeb8,0x00000000ed600000)
  to   space 2560K, 0% used [0x00000000ef600000,0x00000000ef600000,0x00000000ef880000)
 ParOldGen       total 44032K, used 31961K [0x00000000c1a00000, 0x00000000c4500000, 0x00000000eb380000)
  object space 44032K, 72% used [0x00000000c1a00000,0x00000000c3936730,0x00000000c4500000)
 Metaspace       used 18102K, capacity 18412K, committed 18688K, reserved 1064960K
  class space    used 2083K, capacity 2180K, committed 2304K, reserved 1048576K
Event: 1.927 GC heap after
Heap after GC invocations=4 (full 1):
 PSYoungGen      total 35328K, used 0K [0x00000000eb380000, 0x00000000ef880000, 0x0000000100000000)
  eden space 32768K, 0% used [0x00000000eb380000,0x00000000eb380000,0x00000000ed380000)
  from space 2560K, 0% used [0x00000000ed380000,0x00000000ed380000,0x00000000ed600000)
  to   space 2560K, 0% used [0x00000000ef600000,0x00000000ef600000,0x00000000ef880000)
 ParOldGen       total 72192K, used 19524K [0x00000000c1a00000, 0x00000000c6080000, 0x00000000eb380000)
  object space 72192K, 27% used [0x00000000c1a00000,0x00000000c2d11050,0x00000000c6080000)
 Metaspace       used 18102K, capacity 18412K, committed 18688K, reserved 1064960K
  class space    used 2083K, capacity 2180K, committed 2304K, reserved 1048576K
}

Deoptimization events (10 events):
Event: 1.345 Thread 0x0000000000b7d800 Uncommon trap: reason=unstable_if action=reinterpret pc=0x0000000002eaa940 method=java.util.regex.Matcher.reset()Ljava/util/regex/Matcher; @ 47
Event: 1.345 Thread 0x00000000174b3000 Uncommon trap: reason=unstable_if action=reinterpret pc=0x0000000002eaa940 method=java.util.regex.Matcher.reset()Ljava/util/regex/Matcher; @ 47
Event: 1.345 Thread 0x00000000174b3000 Uncommon trap: reason=bimorphic action=maybe_recompile pc=0x0000000002de97a4 method=java.util.regex.Pattern$BmpCharProperty.match(Ljava/util/regex/Matcher;ILjava/lang/CharSequence;)Z @ 16
Event: 1.345 Thread 0x0000000000b7d800 Uncommon trap: reason=bimorphic action=maybe_recompile pc=0x0000000002de97a4 method=java.util.regex.Pattern$BmpCharProperty.match(Ljava/util/regex/Matcher;ILjava/lang/CharSequence;)Z @ 16
Event: 1.365 Thread 0x0000000000b7d800 Uncommon trap: reason=bimorphic action=maybe_recompile pc=0x0000000002de97a4 method=java.util.regex.Pattern$BmpCharProperty.match(Ljava/util/regex/Matcher;ILjava/lang/CharSequence;)Z @ 16
Event: 1.365 Thread 0x00000000174b3000 Uncommon trap: reason=bimorphic action=maybe_recompile pc=0x0000000002de97a4 method=java.util.regex.Pattern$BmpCharProperty.match(Ljava/util/regex/Matcher;ILjava/lang/CharSequence;)Z @ 16
Event: 1.421 Thread 0x0000000000b7d800 Uncommon trap: reason=unstable_if action=reinterpret pc=0x0000000002d42040 method=java.util.HashMap.getNode(ILjava/lang/Object;)Ljava/util/HashMap$Node; @ 84
Event: 1.421 Thread 0x00000000174b3000 Uncommon trap: reason=unstable_if action=reinterpret pc=0x0000000002d42040 method=java.util.HashMap.getNode(ILjava/lang/Object;)Ljava/util/HashMap$Node; @ 84
Event: 1.504 Thread 0x00000000174b3000 Uncommon trap: reason=predicate action=maybe_recompile pc=0x0000000002f7d390 method=java.util.regex.Pattern$SliceI.match(Ljava/util/regex/Matcher;ILjava/lang/CharSequence;)Z @ 21
Event: 1.671 Thread 0x0000000018d3a000 Uncommon trap: reason=unstable_if action=reinterpret pc=0x0000000002fe0690 method=java.awt.image.AreaAveragingScaleFilter.accumPixels(IIIILjava/awt/image/ColorModel;Ljava/lang/Object;II)V @ 280

Internal exceptions (10 events):
Event: 0.202 Thread 0x0000000000b7d800 Exception <a 'java/lang/NoSuchFieldError': method resolution failed> (0x00000000eb5e1f78) thrown at [C:\re\workspace\8-2-build-windows-amd64-cygwin\jdk8u151\9699\hotspot\src\share\vm\prims\methodHandles.cpp, line 1146]
Event: 0.205 Thread 0x0000000000b7d800 Exception <a 'java/lang/NoSuchFieldError': method resolution failed> (0x00000000eb5ef348) thrown at [C:\re\workspace\8-2-build-windows-amd64-cygwin\jdk8u151\9699\hotspot\src\share\vm\prims\methodHandles.cpp, line 1146]
Event: 0.261 Thread 0x0000000000b7d800 Exception <a 'java/security/PrivilegedActionException'> (0x00000000eb683d40) thrown at [C:\re\workspace\8-2-build-windows-amd64-cygwin\jdk8u151\9699\hotspot\src\share\vm\prims\jvm.cpp, line 1390]
Event: 0.261 Thread 0x0000000000b7d800 Exception <a 'java/security/PrivilegedActionException'> (0x00000000eb683f50) thrown at [C:\re\workspace\8-2-build-windows-amd64-cygwin\jdk8u151\9699\hotspot\src\share\vm\prims\jvm.cpp, line 1390]
Event: 0.262 Thread 0x0000000000b7d800 Exception <a 'java/security/PrivilegedActionException'> (0x00000000eb687f38) thrown at [C:\re\workspace\8-2-build-windows-amd64-cygwin\jdk8u151\9699\hotspot\src\share\vm\prims\jvm.cpp, line 1390]
Event: 0.262 Thread 0x0000000000b7d800 Exception <a 'java/security/PrivilegedActionException'> (0x00000000eb688148) thrown at [C:\re\workspace\8-2-build-windows-amd64-cygwin\jdk8u151\9699\hotspot\src\share\vm\prims\jvm.cpp, line 1390]
Event: 0.267 Thread 0x0000000000b7d800 Exception <a 'java/io/FileNotFoundException'> (0x00000000eb68b050) thrown at [C:\re\workspace\8-2-build-windows-amd64-cygwin\jdk8u151\9699\hotspot\src\share\vm\prims\jni.cpp, line 709]
Event: 0.308 Thread 0x0000000000b7d800 Exception <a 'java/io/FileNotFoundException'> (0x00000000eb6ad730) thrown at [C:\re\workspace\8-2-build-windows-amd64-cygwin\jdk8u151\9699\hotspot\src\share\vm\prims\jni.cpp, line 709]
Event: 1.294 Thread 0x0000000000b7d800 Implicit null exception at 0x0000000002e56dd8 to 0x0000000002e56f1d
Event: 1.294 Thread 0x00000000174b3000 Implicit null exception at 0x0000000002e56dd8 to 0x0000000002e56f1d

Events (10 events):
Event: 18.703 Thread 0x0000000017a63000 Thread added: 0x0000000017a63000
Event: 18.704 loading class sun/net/ResourceManager
Event: 18.704 loading class sun/net/ResourceManager done
Event: 18.704 Executing VM operation: RevokeBias
Event: 18.705 Executing VM operation: RevokeBias done
Event: 18.705 Thread 0x0000000017a63000 Thread exited: 0x0000000017a63000
Event: 22.197 loading class java/security/DomainCombiner
Event: 22.197 loading class java/security/DomainCombiner done
Event: 45.502 loading class sun/awt/EventQueueDelegate$Delegate
Event: 45.749 loading class sun/awt/EventQueueDelegate$Delegate done


Dynamic libraries:
0x00007ff69fbf0000 - 0x00007ff69fc27000 	C:\Program Files\Java\jdk1.8.0_151\bin\java.exe
0x00007ff806fe0000 - 0x00007ff8071b1000 	C:\Windows\SYSTEM32\ntdll.dll
0x00007ff804d20000 - 0x00007ff804dcb000 	C:\Windows\System32\KERNEL32.DLL
0x00007ff8042e0000 - 0x00007ff8044fd000 	C:\Windows\System32\KERNELBASE.dll
0x00007ff804730000 - 0x00007ff8047d2000 	C:\Windows\System32\ADVAPI32.dll
0x00007ff804590000 - 0x00007ff80462e000 	C:\Windows\System32\msvcrt.dll
0x00007ff806c90000 - 0x00007ff806ce9000 	C:\Windows\System32\sechost.dll
0x00007ff804980000 - 0x00007ff804aa1000 	C:\Windows\System32\RPCRT4.dll
0x00007ff804ab0000 - 0x00007ff804c15000 	C:\Windows\System32\USER32.dll
0x00007ff804550000 - 0x00007ff80456e000 	C:\Windows\System32\win32u.dll
0x00007ff806be0000 - 0x00007ff806c14000 	C:\Windows\System32\GDI32.dll
0x00007ff8036d0000 - 0x00007ff803852000 	C:\Windows\System32\gdi32full.dll
0x00007ffffa510000 - 0x00007ffffa789000 	C:\Windows\WinSxS\amd64_microsoft.windows.common-controls_6595b64144ccf1df_6.0.14393.0_none_2d0f50fcbdb171b8\COMCTL32.dll
0x00007ff806910000 - 0x00007ff806bd7000 	C:\Windows\System32\combase.dll
0x00007ff803570000 - 0x00007ff803665000 	C:\Windows\System32\ucrtbase.dll
0x00007ff8041c0000 - 0x00007ff80422a000 	C:\Windows\System32\bcryptPrimitives.dll
0x00007ff8047e0000 - 0x00007ff80480e000 	C:\Windows\System32\IMM32.DLL
0x000000005dd60000 - 0x000000005de32000 	C:\Program Files\Java\jdk1.8.0_151\jre\bin\msvcr100.dll
0x000000005ca70000 - 0x000000005d30d000 	C:\Program Files\Java\jdk1.8.0_151\jre\bin\server\jvm.dll
0x00007ff806dc0000 - 0x00007ff806dc8000 	C:\Windows\System32\PSAPI.DLL
0x00007ff8018b0000 - 0x00007ff8018b9000 	C:\Windows\SYSTEM32\WSOCK32.dll
0x00007ff801820000 - 0x00007ff801843000 	C:\Windows\SYSTEM32\WINMM.dll
0x00007ff806cf0000 - 0x00007ff806d5a000 	C:\Windows\System32\WS2_32.dll
0x00007ffff9430000 - 0x00007ffff943a000 	C:\Windows\SYSTEM32\VERSION.dll
0x00007ff801680000 - 0x00007ff8016ab000 	C:\Windows\SYSTEM32\WINMMBASE.dll
0x00007ff804500000 - 0x00007ff804542000 	C:\Windows\System32\cfgmgr32.dll
0x000000005dd10000 - 0x000000005dd1f000 	C:\Program Files\Java\jdk1.8.0_151\jre\bin\verify.dll
0x000000005dce0000 - 0x000000005dd09000 	C:\Program Files\Java\jdk1.8.0_151\jre\bin\java.dll
0x000000005dcc0000 - 0x000000005dcd6000 	C:\Program Files\Java\jdk1.8.0_151\jre\bin\zip.dll
0x00007ff804f70000 - 0x00007ff806478000 	C:\Windows\System32\SHELL32.dll
0x00007ff803ae0000 - 0x00007ff8041ba000 	C:\Windows\System32\windows.storage.dll
0x00007ff803520000 - 0x00007ff80356c000 	C:\Windows\System32\powrprof.dll
0x00007ff8068b0000 - 0x00007ff806902000 	C:\Windows\System32\shlwapi.dll
0x00007ff8034f0000 - 0x00007ff8034ff000 	C:\Windows\System32\kernel.appcore.dll
0x00007ff804230000 - 0x00007ff8042d9000 	C:\Windows\System32\shcore.dll
0x00007ff803500000 - 0x00007ff803514000 	C:\Windows\System32\profapi.dll
0x000000005dca0000 - 0x000000005dcba000 	C:\Program Files\Java\jdk1.8.0_151\jre\bin\net.dll
0x00007ff802db0000 - 0x00007ff802e0c000 	C:\Windows\system32\mswsock.dll
0x00007fffe9e00000 - 0x00007fffe9e16000 	C:\Windows\system32\napinsp.dll
0x00007fffe9e30000 - 0x00007fffe9e4a000 	C:\Windows\system32\pnrpnsp.dll
0x00007ff801130000 - 0x00007ff801148000 	C:\Windows\system32\NLAapi.dll
0x00007ff802b80000 - 0x00007ff802c20000 	C:\Windows\SYSTEM32\DNSAPI.dll
0x00007ff804810000 - 0x00007ff804818000 	C:\Windows\System32\NSI.dll
0x00007ff802b40000 - 0x00007ff802b78000 	C:\Windows\SYSTEM32\IPHLPAPI.DLL
0x00007fffe9f00000 - 0x00007fffe9f0e000 	C:\Windows\System32\winrnr.dll
0x00007fffe9f10000 - 0x00007fffe9f25000 	C:\Windows\System32\wshbth.dll
0x00007ffff8800000 - 0x00007ffff880a000 	C:\Windows\System32\rasadhlp.dll
0x00007ffffa1c0000 - 0x00007ffffa22a000 	C:\Windows\System32\fwpuclnt.dll
0x00007ff803420000 - 0x00007ff80344b000 	C:\Windows\SYSTEM32\bcrypt.dll
0x000000005c8d0000 - 0x000000005ca68000 	C:\Program Files\Java\jdk1.8.0_151\jre\bin\awt.dll
0x00007ff806f20000 - 0x00007ff806fdc000 	C:\Windows\System32\OLEAUT32.dll
0x00007ff801aa0000 - 0x00007ff801b1a000 	C:\Windows\SYSTEM32\apphelp.dll
0x00007ff800df0000 - 0x00007ff800e16000 	C:\Windows\system32\DWMAPI.DLL
0x00007ff801c90000 - 0x00007ff801d25000 	C:\Windows\system32\uxtheme.dll
0x00007fffe2070000 - 0x00007fffe2193000 	C:\Windows\system32\opengl32.dll
0x00007fffe2000000 - 0x00007fffe202d000 	C:\Windows\SYSTEM32\GLU32.dll
0x00007fffe1f00000 - 0x00007fffe1ff7000 	C:\Windows\SYSTEM32\DDRAW.dll
0x00007fffe5fa0000 - 0x00007fffe5fa8000 	C:\Windows\SYSTEM32\DCIMAN32.dll
0x00007ff804820000 - 0x00007ff80497b000 	C:\Windows\System32\MSCTF.dll
0x00007ff806de0000 - 0x00007ff806f17000 	C:\Windows\System32\ole32.dll
0x000000005c880000 - 0x000000005c8c7000 	C:\Program Files\Java\jdk1.8.0_151\jre\bin\fontmanager.dll
0x000000005dc80000 - 0x000000005dc91000 	C:\Program Files\Java\jdk1.8.0_151\jre\bin\nio.dll
0x000000005c830000 - 0x000000005c872000 	C:\Program Files\Java\jdk1.8.0_151\jre\bin\t2k.dll
0x000000005c7c0000 - 0x000000005c7f1000 	C:\Program Files\Java\jdk1.8.0_151\jre\bin\jpeg.dll
0x00007ff802f60000 - 0x00007ff802f77000 	C:\Windows\SYSTEM32\CRYPTSP.dll
0x00007ff8029c0000 - 0x00007ff8029f3000 	C:\Windows\system32\rsaenh.dll
0x00007ff802c30000 - 0x00007ff802c4f000 	C:\Windows\SYSTEM32\USERENV.dll
0x00007ff802f50000 - 0x00007ff802f5b000 	C:\Windows\SYSTEM32\CRYPTBASE.dll
0x00007ffffea80000 - 0x00007ffffea96000 	C:\Windows\SYSTEM32\dhcpcsvc6.DLL
0x00007fffff100000 - 0x00007fffff11a000 	C:\Windows\SYSTEM32\dhcpcsvc.DLL
0x000000005c790000 - 0x000000005c7b4000 	C:\Program Files\Java\jdk1.8.0_151\jre\bin\sunec.dll
0x000000005dc60000 - 0x000000005dc6b000 	C:\Program Files\Java\jdk1.8.0_151\jre\bin\sunmscapi.dll
0x00007ff803860000 - 0x00007ff803a28000 	C:\Windows\System32\CRYPT32.dll
0x00007ff8034e0000 - 0x00007ff8034f0000 	C:\Windows\System32\MSASN1.dll
0x00007ff804690000 - 0x00007ff80472f000 	C:\Windows\System32\clbcatq.dll
0x00007ff8009f0000 - 0x00007ff800b98000 	C:\Windows\SYSTEM32\WindowsCodecs.dll
0x00007fffe5f50000 - 0x00007fffe5f99000 	C:\Windows\system32\dataexchange.dll
0x00007ff801160000 - 0x00007ff8012b1000 	C:\Windows\system32\dcomp.dll
0x00007fffffd20000 - 0x00007ffffffd6000 	C:\Windows\system32\d3d11.dll
0x00007ff802470000 - 0x00007ff80250f000 	C:\Windows\system32\dxgi.dll
0x00007ff801f40000 - 0x00007ff80205c000 	C:\Windows\system32\twinapi.appcore.dll
0x000000005c800000 - 0x000000005c82a000 	C:\Program Files\Java\jdk1.8.0_151\jre\bin\dcpr.dll

VM Arguments:
jvm_args: -Dfile.encoding=UTF-8 
java_command: technonizer.TechnoNizer
java_class_path (initial): C:\Users\kali\Git\TechnoNizer\mssql-jdbc-6.4.0.jre8.jar;C:\Users\kali\Git\TechnoNizer\javax.mail.jar;C:\Users\kali\Git\TechnoNizer\RSProgressBar.jar;C:\Users\kali\Git\TechnoNizer\sqljdbc4.jar;C:\Users\kali\Git\TechnoNizer\commons-codec-1.11.jar;C:\Users\kali\Git\TechnoNizer\httpclient-4.5.3.jar;C:\Users\kali\Git\TechnoNizer\core-3.2.1.jar;C:\Users\kali\Git\TechnoNizer\commons-beanutils-1.8.0.jar;C:\Users\kali\Git\TechnoNizer\commons-collections-2.1.1.jar;C:\Users\kali\Git\TechnoNizer\commons-digester-2.1.jar;C:\Users\kali\Git\TechnoNizer\commons-javaflow-20060411.jar;C:\Users\kali\Git\TechnoNizer\commons-logging-1.1.1.jar;C:\Users\kali\Git\TechnoNizer\groovy-all-2.4.4.jar;C:\Users\kali\Git\TechnoNizer\iText-2.1.7.jar;C:\Users\kali\Git\TechnoNizer\jasperreports-5.1.2.jar;C:\Program Files\NetBeans 8.2\java\modules\ext\AbsoluteLayout.jar;C:\Users\kali\Git\TechnoNizer\jsoup-1.7.2.jar;C:\Program Files\NetBeans 8.2\java\modules\ext\eclipselink\eclipselink.jar;C:\Program Files\NetBeans 8.2\java\modules\ext\eclipselink\javax.persistence_2.1.0.v201304241213.jar;C:\Program Files\NetBeans 8.2\java\modules\ext\eclipselink\org.eclipse.persistence.jpa.jpql_2.5.2.v20140319-9ad6abd.jar;C:\Users\kali\Git\TechnoNizer\build\classes
Launcher Type: SUN_STANDARD

Environment Variables:
PATH=C:\ProgramData\Oracle\Java\javapath;C:\Windows\system32;C:\Windows;C:\Windows\System32\Wbem;C:\Windows\System32\WindowsPowerShell\v1.0\;C:\Program Files (x86)\Git\cmd;C:\Program Files (x86)\Microsoft SQL Server\140\Tools\Binn\;C:\Program Files\Microsoft SQL Server\Client SDK\ODBC\130\Tools\Binn\;C:\Program Files\Microsoft SQL Server\140\Tools\Binn\;C:\Program Files\Microsoft SQL Server\140\DTS\Binn\;C:\Program Files (x86)\Microsoft SQL Server\Client SDK\ODBC\130\Tools\Binn\;C:\Program Files (x86)\Microsoft SQL Server\140\DTS\Binn\;C:\Program Files (x86)\Microsoft SQL Server\140\Tools\Binn\ManagementStudio\;C:\Users\kali\AppData\Local\Microsoft\WindowsApps;
USERNAME=kali
OS=Windows_NT
PROCESSOR_IDENTIFIER=Intel64 Family 6 Model 58 Stepping 9, GenuineIntel



---------------  S Y S T E M  ---------------

OS: Windows 10.0 , 64 bit Build 14393 (10.0.14393.0)

CPU:total 4 (initial active 4) (2 cores per cpu, 2 threads per core) family 6 model 58 stepping 9, cmov, cx8, fxsr, mmx, sse, sse2, sse3, ssse3, sse4.1, sse4.2, popcnt, avx, clmul, erms, ht, tsc, tscinvbit, tscinv

Memory: 4k page, physical 4080920k(522952k free), swap 11406484k(804432k free)

vm_info: Java HotSpot(TM) 64-Bit Server VM (25.151-b12) for windows-amd64 JRE (1.8.0_151-b12), built on Sep  5 2017 19:33:46 by "java_re" with MS VC++ 10.0 (VS2010)

time: Wed Sep 26 02:24:01 2018
elapsed time: 65 seconds (0d 0h 1m 5s)

